{
  "stats": {
    "suites": 1,
    "tests": 1,
    "passes": 1,
    "pending": 0,
    "failures": 0,
    "start": "2021-10-21T13:28:04.520Z",
    "end": "2021-10-21T13:28:12.223Z",
    "duration": 7703,
    "testsRegistered": 1,
    "passPercent": 100,
    "pendingPercent": 0,
    "other": 0,
    "hasOther": false,
    "skipped": 0,
    "hasSkipped": false
  },
  "results": [
    {
      "uuid": "8aa25ffc-2fd3-4d81-bd3a-b84107dc37cf",
      "title": "",
      "fullFile": "cypress/integration/cadastro.spec.js",
      "file": "cypress/integration/cadastro.spec.js",
      "beforeHooks": [],
      "afterHooks": [],
      "tests": [],
      "suites": [
        {
          "uuid": "4bfad0ec-bb1e-436d-9aa9-dc2a1fb52253",
          "title": "Cadastro",
          "fullFile": "",
          "file": "",
          "beforeHooks": [],
          "afterHooks": [],
          "tests": [
            {
              "title": "Cadastrar",
              "fullTitle": "Cadastro Cadastrar",
              "timedOut": null,
              "duration": 7574,
              "state": "passed",
              "speed": "slow",
              "pass": true,
              "fail": false,
              "pending": false,
              "context": null,
              "code": "cy.get('input[name=firstName]').type(chance.first());\ncy.get('input[name=lastName]').type(chance.last());\ncy.get('textarea[name=adress]').type(chance.address());\ncy.get('input[name=emailAdress]').type(chance.email());\ncy.get('input[type=checkbox]').check('Netflix');\ncy.get('input[type=checkbox]').check('Livros');\ncy.get('select#countries').select('Dinamarca', {\n  force: true\n});\ncy.get('select#years').select('1983', {\n  force: true\n});\ncy.get('select#months').select('Dezembro', {\n  force: true\n});\ncy.get('select#days').select('19', {\n  force: true\n});\ncy.get('input#firstpassword').type('Leo@123');\ncy.get('input#secondpassword').type('Leo@123');\ncy.get('#submitbtn').click(); //cy.contains('Finalizar cadastro').click()  <<FUNCIONA! Porém, não é uma boa prática.\n//redirecionado para nova página.\n//verificar URL \ncy.url().should('contain', 'https://form-agilizei.netlify.app/listagem'); //verifica qual url está!!!!",
              "err": {},
              "uuid": "38ae839d-f9f1-4cce-98ea-2664ced195b5",
              "parentUUID": "4bfad0ec-bb1e-436d-9aa9-dc2a1fb52253",
              "isHook": false,
              "skipped": false
            }
          ],
          "suites": [],
          "passes": [
            "38ae839d-f9f1-4cce-98ea-2664ced195b5"
          ],
          "failures": [],
          "pending": [],
          "skipped": [],
          "duration": 7574,
          "root": false,
          "rootEmpty": false,
          "_timeout": 2000
        }
      ],
      "passes": [],
      "failures": [],
      "pending": [],
      "skipped": [],
      "duration": 0,
      "root": true,
      "rootEmpty": true,
      "_timeout": 2000
    }
  ],
  "meta": {
    "mocha": {
      "version": "7.0.1"
    },
    "mochawesome": {
      "options": {
        "quiet": true,
        "reportFilename": "mochawesome",
        "saveHtml": false,
        "saveJson": true,
        "consoleReporter": "spec",
        "useInlineDiffs": false,
        "code": true
      },
      "version": "6.3.1"
    },
    "marge": {
      "options": {
        "id": "default",
        "reportDir": "mochawesome-report",
        "quiet": true,
        "overwrite": false,
        "html": false,
        "json": true
      },
      "version": "5.2.0"
    }
  }
}