{
  "stats": {
    "suites": 1,
    "tests": 2,
    "passes": 2,
    "pending": 0,
    "failures": 0,
    "start": "2021-10-21T13:28:22.176Z",
    "end": "2021-10-21T13:28:24.230Z",
    "duration": 2054,
    "testsRegistered": 2,
    "passPercent": 100,
    "pendingPercent": 0,
    "other": 0,
    "hasOther": false,
    "skipped": 0,
    "hasSkipped": false
  },
  "results": [
    {
      "uuid": "47bd0eb9-12e7-45c6-a90d-fa11c32b67ae",
      "title": "",
      "fullFile": "cypress/integration/listagem.spec.js",
      "file": "cypress/integration/listagem.spec.js",
      "beforeHooks": [],
      "afterHooks": [],
      "tests": [],
      "suites": [
        {
          "uuid": "2dd7c210-036c-4845-9a0c-d52086a367b9",
          "title": "Listagem",
          "fullFile": "",
          "file": "",
          "beforeHooks": [],
          "afterHooks": [],
          "tests": [
            {
              "title": "Quando não houver cadastros, então listagem deverá ser vazia.",
              "fullTitle": "Listagem Quando não houver cadastros, então listagem deverá ser vazia.",
              "timedOut": null,
              "duration": 1398,
              "state": "passed",
              "speed": "slow",
              "pass": true,
              "fail": false,
              "pending": false,
              "context": null,
              "code": "cy.fixture('listagem-vazia').then(data => {\n  window.localStorage.setItem('data', JSON.stringify(data));\n});\ncy.visit('https://form-agilizei.netlify.app/listagem');\ncy.get('table tbody tr').should('have.length', 0);",
              "err": {},
              "uuid": "d5f4916c-6002-47f4-b1a1-c63a5ec39bf1",
              "parentUUID": "2dd7c210-036c-4845-9a0c-d52086a367b9",
              "isHook": false,
              "skipped": false
            },
            {
              "title": "Quando houver cadastros, então listagem deverá exibida.",
              "fullTitle": "Listagem Quando houver cadastros, então listagem deverá exibida.",
              "timedOut": null,
              "duration": 538,
              "state": "passed",
              "speed": "slow",
              "pass": true,
              "fail": false,
              "pending": false,
              "context": null,
              "code": "cy.fixture('listagem-com-itens').then(data => {\n  window.localStorage.setItem('data', JSON.stringify(data));\n});\ncy.visit('https://form-agilizei.netlify.app/listagem');\ncy.get('table tbody tr').should('have.length', 2);\ncy.get('table tbody tr td').should('contain', 'leonardo');",
              "err": {},
              "uuid": "c524aba3-1142-4006-b078-0bcee56cef7b",
              "parentUUID": "2dd7c210-036c-4845-9a0c-d52086a367b9",
              "isHook": false,
              "skipped": false
            }
          ],
          "suites": [],
          "passes": [
            "d5f4916c-6002-47f4-b1a1-c63a5ec39bf1",
            "c524aba3-1142-4006-b078-0bcee56cef7b"
          ],
          "failures": [],
          "pending": [],
          "skipped": [],
          "duration": 1936,
          "root": false,
          "rootEmpty": false,
          "_timeout": 2000
        }
      ],
      "passes": [],
      "failures": [],
      "pending": [],
      "skipped": [],
      "duration": 0,
      "root": true,
      "rootEmpty": true,
      "_timeout": 2000
    }
  ],
  "meta": {
    "mocha": {
      "version": "7.0.1"
    },
    "mochawesome": {
      "options": {
        "quiet": true,
        "reportFilename": "mochawesome",
        "saveHtml": false,
        "saveJson": true,
        "consoleReporter": "spec",
        "useInlineDiffs": false,
        "code": true
      },
      "version": "6.3.1"
    },
    "marge": {
      "options": {
        "id": "default",
        "reportDir": "mochawesome-report",
        "quiet": true,
        "overwrite": false,
        "html": false,
        "json": true
      },
      "version": "5.2.0"
    }
  }
}